<?xml version="1.0" encoding="UTF-8"?>
<testng-results skipped="0" failed="0" total="2" passed="2">
  <reporter-output>
  </reporter-output>
  <suite name="Suite" duration-ms="29584" started-at="2017-12-23T15:09:59Z" finished-at="2017-12-23T15:10:29Z">
    <groups>
    </groups>
    <test name="Test" duration-ms="29584" started-at="2017-12-23T15:09:59Z" finished-at="2017-12-23T15:10:29Z">
      <class name="testcases.TC001_LoginLogOut">
        <test-method status="PASS" signature="beforeSuite()[pri:0, instance:testcases.TC001_LoginLogOut@1b554cc]" name="beforeSuite" is-config="true" duration-ms="1141" started-at="2017-12-23T20:39:58Z" finished-at="2017-12-23T20:39:59Z">
          <reporter-output>
          </reporter-output>
        </test-method> <!-- beforeSuite -->
        <test-method status="PASS" signature="beforeTest()[pri:0, instance:testcases.TC001_LoginLogOut@1b554cc]" name="beforeTest" is-config="true" duration-ms="0" started-at="2017-12-23T20:39:59Z" finished-at="2017-12-23T20:39:59Z">
          <reporter-output>
          </reporter-output>
        </test-method> <!-- beforeTest -->
        <test-method status="PASS" signature="setData()[pri:0, instance:testcases.TC001_LoginLogOut@1b554cc]" name="setData" is-config="true" duration-ms="0" started-at="2017-12-23T20:39:59Z" finished-at="2017-12-23T20:39:59Z">
          <reporter-output>
          </reporter-output>
        </test-method> <!-- setData -->
        <test-method status="PASS" signature="beforeMethod()[pri:0, instance:testcases.TC001_LoginLogOut@1b554cc]" name="beforeMethod" is-config="true" duration-ms="11266" started-at="2017-12-23T20:40:02Z" finished-at="2017-12-23T20:40:13Z">
          <reporter-output>
          </reporter-output>
        </test-method> <!-- beforeMethod -->
        <test-method status="PASS" signature="logInLogOut(java.lang.String, java.lang.String)[pri:0, instance:testcases.TC001_LoginLogOut@1b554cc]" name="logInLogOut" duration-ms="3755" started-at="2017-12-23T20:40:13Z" data-provider="fetchData" finished-at="2017-12-23T20:40:17Z">
          <params>
            <param index="0">
              <value>
                <![CDATA[DemoSalesManager]]>
              </value>
            </param>
            <param index="1">
              <value>
                <![CDATA[crmsfa]]>
              </value>
            </param>
          </params>
          <reporter-output>
          </reporter-output>
        </test-method> <!-- logInLogOut -->
        <test-method status="PASS" signature="afterMethod()[pri:0, instance:testcases.TC001_LoginLogOut@1b554cc]" name="afterMethod" is-config="true" duration-ms="692" started-at="2017-12-23T20:40:17Z" finished-at="2017-12-23T20:40:18Z">
          <reporter-output>
          </reporter-output>
        </test-method> <!-- afterMethod -->
        <test-method status="PASS" signature="beforeMethod()[pri:0, instance:testcases.TC001_LoginLogOut@1b554cc]" name="beforeMethod" is-config="true" duration-ms="7575" started-at="2017-12-23T20:40:18Z" finished-at="2017-12-23T20:40:25Z">
          <reporter-output>
          </reporter-output>
        </test-method> <!-- beforeMethod -->
        <test-method status="PASS" signature="logInLogOut(java.lang.String, java.lang.String)[pri:0, instance:testcases.TC001_LoginLogOut@1b554cc]" name="logInLogOut" duration-ms="3270" started-at="2017-12-23T20:40:25Z" data-provider="fetchData" finished-at="2017-12-23T20:40:28Z">
          <params>
            <param index="0">
              <value>
                <![CDATA[DemoCSR]]>
              </value>
            </param>
            <param index="1">
              <value>
                <![CDATA[crmsfa]]>
              </value>
            </param>
          </params>
          <reporter-output>
          </reporter-output>
        </test-method> <!-- logInLogOut -->
        <test-method status="PASS" signature="afterMethod()[pri:0, instance:testcases.TC001_LoginLogOut@1b554cc]" name="afterMethod" is-config="true" duration-ms="661" started-at="2017-12-23T20:40:28Z" finished-at="2017-12-23T20:40:29Z">
          <reporter-output>
          </reporter-output>
        </test-method> <!-- afterMethod -->
        <test-method status="PASS" signature="afterTest()[pri:0, instance:testcases.TC001_LoginLogOut@1b554cc]" name="afterTest" is-config="true" duration-ms="0" started-at="2017-12-23T20:40:29Z" finished-at="2017-12-23T20:40:29Z">
          <reporter-output>
          </reporter-output>
        </test-method> <!-- afterTest -->
        <test-method status="PASS" signature="afterSuite()[pri:0, instance:testcases.TC001_LoginLogOut@1b554cc]" name="afterSuite" is-config="true" duration-ms="468" started-at="2017-12-23T20:40:29Z" finished-at="2017-12-23T20:40:30Z">
          <reporter-output>
          </reporter-output>
        </test-method> <!-- afterSuite -->
      </class> <!-- testcases.TC001_LoginLogOut -->
    </test> <!-- Test -->
  </suite> <!-- Suite -->
</testng-results>
